[ 2017-04-12T16:12:27+08:00 ] 127.0.0.1 /user/user/login
INFO: [ app_init ] --START--
INFO: Run Behavior\BuildLiteBehavior [ RunTime:0.000000s ]
INFO: [ app_init ] --END-- [ RunTime:0.000000s ]
INFO: [ app_begin ] --START--
INFO: Run Behavior\ReadHtmlCacheBehavior [ RunTime:0.001000s ]
INFO: [ app_begin ] --END-- [ RunTime:0.001000s ]
SQL: SHOW COLUMNS FROM `t_user` [ RunTime:0.0030s ]
SQL: SET NAMES utf8 [ RunTime:0.0000s ]
SQL: select * from  t_user where user_name= '123' [ RunTime:0.0010s ]
SQL: SET NAMES utf8 [ RunTime:0.0000s ]
ERR: 1054:Unknown column 'user_pass' in 'where clause'
 [ SQL语句 ] : select * from  t_user where user_name= '123' and  user_pass ='4444'
ERR: 1054:Unknown column 'user_pass' in 'where clause'
 [ SQL语句 ] : select * from  t_user where user_name= '123' and  user_pass ='4444'

[ 2017-04-12T16:12:56+08:00 ] 127.0.0.1 /user/user/login
INFO: [ app_init ] --START--
INFO: Run Behavior\BuildLiteBehavior [ RunTime:0.000000s ]
INFO: [ app_init ] --END-- [ RunTime:0.000000s ]
INFO: [ app_begin ] --START--
INFO: Run Behavior\ReadHtmlCacheBehavior [ RunTime:0.000000s ]
INFO: [ app_begin ] --END-- [ RunTime:0.000000s ]
SQL: SHOW COLUMNS FROM `t_user` [ RunTime:0.0030s ]
SQL: SET NAMES utf8 [ RunTime:0.0000s ]
SQL: select * from  t_user where user_name= '123' [ RunTime:0.0020s ]
SQL: SET NAMES utf8 [ RunTime:0.0020s ]
SQL: select * from  t_user where user_name= '123' and  user_pass ='4444' [ RunTime:0.0000s ]

[ 2017-04-12T16:12:59+08:00 ] 127.0.0.1 /user/user/login
INFO: [ app_init ] --START--
INFO: Run Behavior\BuildLiteBehavior [ RunTime:0.000000s ]
INFO: [ app_init ] --END-- [ RunTime:0.001000s ]
INFO: [ app_begin ] --START--
INFO: Run Behavior\ReadHtmlCacheBehavior [ RunTime:0.001000s ]
INFO: [ app_begin ] --END-- [ RunTime:0.001000s ]
SQL: SHOW COLUMNS FROM `t_user` [ RunTime:0.0030s ]
SQL: SET NAMES utf8 [ RunTime:0.0010s ]
SQL: select * from  t_user where user_name= '12345' [ RunTime:0.0010s ]
ERR: 1364:Field 'create_time' doesn't have a default value
 [ SQL语句 ] : INSERT INTO `t_user` (`user_name`,`user_pass`) VALUES ('12345','dbc4d84bfcfe2284ba11beffb853a8c4')
ERR: 1364:Field 'create_time' doesn't have a default value
 [ SQL语句 ] : INSERT INTO `t_user` (`user_name`,`user_pass`) VALUES ('12345','dbc4d84bfcfe2284ba11beffb853a8c4')

