[ 2017-04-18T15:54:52+08:00 ] 127.0.0.1 /user/user/login
INFO: [ app_init ] --START--
INFO: Run Behavior\BuildLiteBehavior [ RunTime:0.000000s ]
INFO: [ app_init ] --END-- [ RunTime:0.000000s ]
INFO: [ app_begin ] --START--
INFO: Run Behavior\ReadHtmlCacheBehavior [ RunTime:0.000000s ]
INFO: [ app_begin ] --END-- [ RunTime:0.000000s ]
SQL: SHOW COLUMNS FROM `t_user` [ RunTime:0.0020s ]
SQL: SET NAMES utf8 [ RunTime:0.0000s ]
SQL: select * from  t_user where user_name= '123' [ RunTime:0.0000s ]
SQL: SET NAMES utf8 [ RunTime:0.0000s ]
SQL: select * from  t_user where user_name= '123' and  user_pass ='4444' [ RunTime:0.0000s ]

[ 2017-04-18T15:54:56+08:00 ] 127.0.0.1 /user/user/login
INFO: [ app_init ] --START--
INFO: Run Behavior\BuildLiteBehavior [ RunTime:0.000000s ]
INFO: [ app_init ] --END-- [ RunTime:0.001000s ]
INFO: [ app_begin ] --START--
INFO: Run Behavior\ReadHtmlCacheBehavior [ RunTime:0.001000s ]
INFO: [ app_begin ] --END-- [ RunTime:0.001000s ]
SQL: SHOW COLUMNS FROM `t_user` [ RunTime:0.0060s ]
SQL: SET NAMES utf8 [ RunTime:0.0000s ]
SQL: select * from  t_user where user_name= '12355' [ RunTime:0.0010s ]
ERR: 1364:Field 'create_time' doesn't have a default value
 [ SQL语句 ] : INSERT INTO `t_user` (`user_name`,`user_pass`) VALUES ('12355','dbc4d84bfcfe2284ba11beffb853a8c4')
ERR: 1364:Field 'create_time' doesn't have a default value
 [ SQL语句 ] : INSERT INTO `t_user` (`user_name`,`user_pass`) VALUES ('12355','dbc4d84bfcfe2284ba11beffb853a8c4')

[ 2017-04-18T15:55:18+08:00 ] 127.0.0.1 /user/user/login
INFO: [ app_init ] --START--
INFO: Run Behavior\BuildLiteBehavior [ RunTime:0.000000s ]
INFO: [ app_init ] --END-- [ RunTime:0.001000s ]
INFO: [ app_begin ] --START--
INFO: Run Behavior\ReadHtmlCacheBehavior [ RunTime:0.000000s ]
INFO: [ app_begin ] --END-- [ RunTime:0.000000s ]
SQL: SHOW COLUMNS FROM `t_user` [ RunTime:0.0020s ]
SQL: SET NAMES utf8 [ RunTime:0.0000s ]
SQL: select * from  t_user where user_name= 'hhhh' [ RunTime:0.0010s ]
ERR: 1364:Field 'create_time' doesn't have a default value
 [ SQL语句 ] : INSERT INTO `t_user` (`user_name`,`user_pass`) VALUES ('hhhh','accc9105df5383111407fd5b41255e23')
ERR: 1364:Field 'create_time' doesn't have a default value
 [ SQL语句 ] : INSERT INTO `t_user` (`user_name`,`user_pass`) VALUES ('hhhh','accc9105df5383111407fd5b41255e23')

[ 2017-04-18T15:56:42+08:00 ] 127.0.0.1 /user/user/login
INFO: [ app_init ] --START--
INFO: Run Behavior\BuildLiteBehavior [ RunTime:0.000000s ]
INFO: [ app_init ] --END-- [ RunTime:0.000000s ]
INFO: [ app_begin ] --START--
INFO: Run Behavior\ReadHtmlCacheBehavior [ RunTime:0.001001s ]
INFO: [ app_begin ] --END-- [ RunTime:0.001001s ]
SQL: SHOW COLUMNS FROM `t_user` [ RunTime:0.0020s ]
SQL: SET NAMES utf8 [ RunTime:0.0000s ]
SQL: select * from  t_user where user_name= 'hhhh' [ RunTime:0.0010s ]
SQL: INSERT INTO `t_user` (`user_name`,`user_pass`) VALUES ('hhhh','accc9105df5383111407fd5b41255e23') [ RunTime:0.0020s ]

[ 2017-04-18T16:39:00+08:00 ] 127.0.0.1 /user/user/login
INFO: [ app_init ] --START--
INFO: Run Behavior\BuildLiteBehavior [ RunTime:0.000000s ]
INFO: [ app_init ] --END-- [ RunTime:0.001000s ]
INFO: [ app_begin ] --START--
INFO: Run Behavior\ReadHtmlCacheBehavior [ RunTime:0.001000s ]
INFO: [ app_begin ] --END-- [ RunTime:0.001000s ]
SQL: SHOW COLUMNS FROM `t_user` [ RunTime:0.0030s ]
SQL: SET NAMES utf8 [ RunTime:0.0010s ]
SQL: select * from  t_user where user_name= '1235' [ RunTime:0.0000s ]
SQL: INSERT INTO `t_user` (`user_name`,`user_pass`) VALUES ('1235','c20ad4d76fe97759aa27a0c99bff6710') [ RunTime:0.0030s ]

