[ 2017-04-14T10:35:07+08:00 ] 127.0.0.1 /
INFO: [ app_init ] --START--
INFO: Run Behavior\BuildLiteBehavior [ RunTime:0.000000s ]
INFO: [ app_init ] --END-- [ RunTime:0.001000s ]
INFO: [ app_begin ] --START--
INFO: Run Behavior\ReadHtmlCacheBehavior [ RunTime:0.000000s ]
INFO: [ app_begin ] --END-- [ RunTime:0.000000s ]
SQL: SHOW COLUMNS FROM `t_article` [ RunTime:0.0490s ]
SQL: SET NAMES utf8 [ RunTime:0.0000s ]
SQL: select a.create_time,a.article_title,a.type,a.article_content,a.id,a.create_time,b.user_name from t_article as a join t_user as b on a.user_id=b.id  [ RunTime:0.0000s ]
INFO: [ view_parse ] --START--
NOTIC: [8] Undefined index: foo D:\php_program\superlife-master\Application\Runtime\Cache\114b671a9aacd43fc2c3e063330dd75fee80711a.file.index.html.php 第 107 行.
NOTIC: [8] Trying to get property of non-object D:\php_program\superlife-master\Application\Runtime\Cache\114b671a9aacd43fc2c3e063330dd75fee80711a.file.index.html.php 第 107 行.
NOTIC: [8] Undefined index: foo D:\php_program\superlife-master\Application\Runtime\Cache\114b671a9aacd43fc2c3e063330dd75fee80711a.file.index.html.php 第 109 行.
NOTIC: [8] Trying to get property of non-object D:\php_program\superlife-master\Application\Runtime\Cache\114b671a9aacd43fc2c3e063330dd75fee80711a.file.index.html.php 第 109 行.
INFO: Run Behavior\ParseTemplateBehavior [ RunTime:0.075004s ]
INFO: [ view_parse ] --END-- [ RunTime:0.075004s ]
INFO: [ view_filter ] --START--
INFO: Run Behavior\WriteHtmlCacheBehavior [ RunTime:0.015001s ]
INFO: [ view_filter ] --END-- [ RunTime:0.015001s ]
INFO: [ app_end ] --START--
INFO: Run Behavior\ShowPageTraceBehavior [ RunTime:0.001000s ]
INFO: [ app_end ] --END-- [ RunTime:0.001000s ]

